#
# A fatal error has been detected by the Java Runtime Environment:
#
#  EXCEPTION_ACCESS_VIOLATION (0xc0000005) at pc=0x0000000061a48845, pid=7496, tid=7748
#
# JRE version: Java(TM) SE Runtime Environment (8.0_60-b27) (build 1.8.0_60-b27)
# Java VM: Java HotSpot(TM) 64-Bit Server VM (25.60-b23 mixed mode windows-amd64 compressed oops)
# Problematic frame:
# V  [jvm.dll+0x128845]
#
# Failed to write core dump. Minidumps are not enabled by default on client versions of Windows
#
# If you would like to submit a bug report, please visit:
#   http://bugreport.java.com/bugreport/crash.jsp
#

---------------  T H R E A D  ---------------

Current thread (0x00000000147b1800):  JavaThread "JDWP Transport Listener: dt_socket" daemon [_thread_in_vm, id=7748, stack(0x0000000016210000,0x0000000016310000)]

siginfo: ExceptionCode=0xc0000005, reading address 0xffffffffffffffff

Registers:
RAX=0x000000001630f801, RBX=0x00000000147b1800, RCX=0x003b3e3b003b003b, RDX=0x0000000000000000
RSP=0x000000001630f8a0, RBP=0x003b3e3b003b003b, RSI=0x000000001630f9b8, RDI=0x0000000002019b30
R8 =0x00000000147b1800, R9 =0x0000000000000000, R10=0x0000000000000000, R11=0x0000000000000064
R12=0x0000000000000000, R13=0x00000000147b2208, R14=0x0000000000000000, R15=0x0000000000000000
RIP=0x0000000061a48845, EFLAGS=0x0000000000010202

Top of Stack: (sp=0x000000001630f8a0)
0x000000001630f8a0:   00000000147b1800 00000000147b1800
0x000000001630f8b0:   000000001630f968 0000000061c4e18b
0x000000001630f8c0:   00000000147b1800 0000000061c6a9ed
0x000000001630f8d0:   0000000000000000 0000000061819155
0x000000001630f8e0:   00000000147c8570 000000006182291e
0x000000001630f8f0:   00000000147b1800 0000000000000000
0x000000001630f900:   0000000000000000 0000000000000000
0x000000001630f910:   003b3e3b003b003b 0000000061821a15
0x000000001630f920:   000000001630f9b8 000000001630f990
0x000000001630f930:   0000000000000001 00000000147c8570
0x000000001630f940:   003b3e3b003b003b 00000000618053b3
0x000000001630f950:   000000001630fa80 0000000000000001
0x000000001630f960:   0000000000000001 00000000147c8570
0x000000001630f970:   00000000f000100a 0000000000000000
0x000000001630f980:   0000000000000000 0000000000000000
0x000000001630f990:   0000000000000001 0000000061805571 

Instructions: (pc=0x0000000061a48845)
0x0000000061a48825:   cc cc cc cc cc cc cc cc cc cc cc 48 83 ec 28 48
0x0000000061a48835:   85 c9 75 07 33 c0 48 83 c4 28 c3 48 89 5c 24 20
0x0000000061a48845:   48 8b 19 48 85 db 74 20 48 83 fb 37 74 1a 48 8b
0x0000000061a48855:   13 48 8b cb ff 52 10 84 c0 74 0d 48 8b c3 48 8b 


Register to memory mapping:

RAX=0x000000001630f801 is pointing into the stack for thread: 0x00000000147b1800
RBX=0x00000000147b1800 is a thread
RCX=0x003b3e3b003b003b is an unknown value
RDX=0x0000000000000000 is an unknown value
RSP=0x000000001630f8a0 is pointing into the stack for thread: 0x00000000147b1800
RBP=0x003b3e3b003b003b is an unknown value
RSI=0x000000001630f9b8 is pointing into the stack for thread: 0x00000000147b1800
RDI=0x0000000002019b30 is an unknown value
R8 =0x00000000147b1800 is a thread
R9 =0x0000000000000000 is an unknown value
R10=0x0000000000000000 is an unknown value
R11=0x0000000000000064 is an unknown value
R12=0x0000000000000000 is an unknown value
R13=0x00000000147b2208 is an unknown value
R14=0x0000000000000000 is an unknown value
R15=0x0000000000000000 is an unknown value


Stack: [0x0000000016210000,0x0000000016310000],  sp=0x000000001630f8a0,  free space=1022k
Native frames: (J=compiled Java code, j=interpreted, Vv=VM code, C=native code)
V  [jvm.dll+0x128845]
V  [jvm.dll+0x34a9ed]
C  [jdwp.dll+0x21a15]
C  [jdwp.dll+0x53b3]
C  [jdwp.dll+0x5571]
C  [jdwp.dll+0xf0a8]
C  [jdwp.dll+0x1f2d5]
C  [jdwp.dll+0x1f4aa]
V  [jvm.dll+0x1bb8e8]
V  [jvm.dll+0x243134]
V  [jvm.dll+0x299f6a]
C  [msvcr100.dll+0x21d9f]
C  [msvcr100.dll+0x21e3b]
C  [KERNEL32.DLL+0x18102]
C  [ntdll.dll+0x5c5b4]


---------------  P R O C E S S  ---------------

Java Threads: ( => current thread )
  0x0000000016641000 JavaThread "Service Thread" daemon [_thread_blocked, id=11340, stack(0x0000000016c10000,0x0000000016d10000)]
  0x0000000016639000 JavaThread "C1 CompilerThread2" daemon [_thread_blocked, id=6972, stack(0x0000000016b10000,0x0000000016c10000)]
  0x00000000147fe000 JavaThread "C2 CompilerThread1" daemon [_thread_blocked, id=8860, stack(0x0000000016a10000,0x0000000016b10000)]
  0x00000000147c4800 JavaThread "C2 CompilerThread0" daemon [_thread_blocked, id=11816, stack(0x0000000016510000,0x0000000016610000)]
  0x00000000147b9000 JavaThread "JDWP Command Reader" daemon [_thread_in_native, id=3480, stack(0x0000000016410000,0x0000000016510000)]
  0x00000000147b7800 JavaThread "JDWP Event Helper Thread" daemon [_thread_blocked, id=11572, stack(0x0000000016310000,0x0000000016410000)]
=>0x00000000147b1800 JavaThread "JDWP Transport Listener: dt_socket" daemon [_thread_in_vm, id=7748, stack(0x0000000016210000,0x0000000016310000)]
  0x00000000147a0800 JavaThread "Attach Listener" daemon [_thread_blocked, id=13400, stack(0x0000000015cd0000,0x0000000015dd0000)]
  0x000000001479d800 JavaThread "Signal Dispatcher" daemon [_thread_blocked, id=14516, stack(0x0000000015bd0000,0x0000000015cd0000)]
  0x0000000002216800 JavaThread "Finalizer" daemon [_thread_blocked, id=6524, stack(0x00000000159f0000,0x0000000015af0000)]
  0x000000000220e000 JavaThread "Reference Handler" daemon [_thread_blocked, id=6136, stack(0x00000000158f0000,0x00000000159f0000)]
  0x000000000201e000 JavaThread "main" [_thread_blocked, id=8948, stack(0x0000000002020000,0x0000000002120000)]

Other Threads:
  0x0000000014767800 VMThread [stack: 0x00000000157f0000,0x00000000158f0000] [id=12368]
  0x0000000016664800 WatcherThread [stack: 0x0000000016d10000,0x0000000016e10000] [id=3140]

VM state:not at safepoint (normal execution)

VM Mutex/Monitor currently owned by a thread: None

Heap:
 PSYoungGen      total 18432K, used 3175K [0x00000000eb600000, 0x00000000eca80000, 0x0000000100000000)
  eden space 15872K, 20% used [0x00000000eb600000,0x00000000eb919c60,0x00000000ec580000)
  from space 2560K, 0% used [0x00000000ec800000,0x00000000ec800000,0x00000000eca80000)
  to   space 2560K, 0% used [0x00000000ec580000,0x00000000ec580000,0x00000000ec800000)
 ParOldGen       total 42496K, used 0K [0x00000000c2200000, 0x00000000c4b80000, 0x00000000eb600000)
  object space 42496K, 0% used [0x00000000c2200000,0x00000000c2200000,0x00000000c4b80000)
 Metaspace       used 3782K, capacity 4798K, committed 4992K, reserved 1056768K
  class space    used 443K, capacity 515K, committed 640K, reserved 1048576K

Card table byte_map: [0x00000000115e0000,0x00000000117d0000] byte_map_base: 0x0000000010fcf000

Marking Bits: (ParMarkBitMap*) 0x000000006212a5b0
 Begin Bits: [0x0000000011d20000, 0x0000000012c98000)
 End Bits:   [0x0000000012c98000, 0x0000000013c10000)

Polling page: 0x0000000000810000

CodeCache: size=245760Kb used=1448Kb max_used=1448Kb free=244311Kb
 bounds [0x0000000002220000, 0x0000000002490000, 0x0000000011220000]
 total_blobs=466 nmethods=219 adapters=168
 compilation: enabled

Compilation events (10 events):
Event: 0.359 Thread 0x0000000016639000  215       3       java.util.concurrent.ConcurrentHashMap::casTabAt (20 bytes)
Event: 0.359 Thread 0x0000000016639000 nmethod 215 0x0000000002383a10 code [0x0000000002383b60, 0x0000000002383cd0]
Event: 0.362 Thread 0x0000000016639000  216       3       java.util.concurrent.ConcurrentHashMap::addCount (292 bytes)
Event: 0.363 Thread 0x0000000016639000 nmethod 216 0x0000000002388690 code [0x00000000023888a0, 0x0000000002389488]
Event: 0.363 Thread 0x0000000016639000  217       3       java.lang.String::startsWith (72 bytes)
Event: 0.364 Thread 0x0000000016639000 nmethod 217 0x0000000002383350 code [0x00000000023834c0, 0x00000000023837f0]
Event: 0.366 Thread 0x0000000016639000  218       3       java.lang.String::startsWith (7 bytes)
Event: 0.366 Thread 0x0000000016639000 nmethod 218 0x00000000023898d0 code [0x0000000002389a40, 0x0000000002389c68]
Event: 44.623 Thread 0x0000000016639000  219       3       java.lang.Math::max (11 bytes)
Event: 44.623 Thread 0x0000000016639000 nmethod 219 0x0000000002389d10 code [0x0000000002389e60, 0x0000000002389ff0]

GC Heap History (0 events):
No events

Deoptimization events (0 events):
No events

Internal exceptions (4 events):
Event: 0.059 Thread 0x000000000201e000 Exception <a 'java/lang/NoSuchMethodError': Method sun.misc.Unsafe.defineClass(Ljava/lang/String;[BII)Ljava/lang/Class; name or signature does not match> (0x00000000eb612ff0) thrown at [C:\re\workspace\8-2-build-windows-amd64-cygwin\jdk8u60\4407\hotspot\srùCqbt®?
Event: 0.059 Thread 0x000000000201e000 Exception <a 'java/lang/NoSuchMethodError': Method sun.misc.Unsafe.prefetchRead(Ljava/lang/Object;J)V name or signature does not match> (0x00000000eb6132d8) thrown at [C:\re\workspace\8-2-build-windows-amd64-cygwin\jdk8u60\4407\hotspot\src\share\vm\prims\j·!N’±áÔ?
Event: 0.326 Thread 0x000000000201e000 Exception <a 'java/lang/NoSuchFieldError': method resolution failed> (0x00000000eb8372c0) thrown at [C:\re\workspace\8-2-build-windows-amd64-cygwin\jdk8u60\4407\hotspot\src\share\vm\prims\methodHandles.cpp, line 1146]
Event: 0.330 Thread 0x000000000201e000 Exception <a 'java/lang/NoSuchFieldError': method resolution failed> (0x00000000eb8446c0) thrown at [C:\re\workspace\8-2-build-windows-amd64-cygwin\jdk8u60\4407\hotspot\src\share\vm\prims\methodHandles.cpp, line 1146]

Events (10 events):
Event: 4.280 Executing VM operation: EnableBiasedLocking
Event: 4.280 Executing VM operation: EnableBiasedLocking done
Event: 15.216 loading class java/util/TreeMap$EntrySet
Event: 15.216 loading class java/util/TreeMap$EntrySet done
Event: 15.216 loading class java/util/TreeMap$EntryIterator
Event: 15.216 loading class java/util/TreeMap$EntryIterator done
Event: 742.561 loading class java/util/Vector$Itr
Event: 742.561 loading class java/util/Vector$Itr done
Event: 846.629 Executing VM operation: RedefineClasses
Event: 846.632 Executing VM operation: RedefineClasses done


Dynamic libraries:
0x00007ff7ba8e0000 - 0x00007ff7ba917000 	C:\Program Files\Java\jre1.8.0_60\bin\javaw.exe
0x00007ffb728f0000 - 0x00007ffb72ab1000 	C:\WINDOWS\SYSTEM32\ntdll.dll
0x00007ffb70280000 - 0x00007ffb7032d000 	C:\WINDOWS\system32\KERNEL32.DLL
0x00007ffb6faa0000 - 0x00007ffb6fc88000 	C:\WINDOWS\system32\KERNELBASE.dll
0x00007ffb72700000 - 0x00007ffb727a7000 	C:\WINDOWS\system32\ADVAPI32.dll
0x00007ffb708c0000 - 0x00007ffb7095d000 	C:\WINDOWS\system32\msvcrt.dll
0x00007ffb6ffd0000 - 0x00007ffb7002b000 	C:\WINDOWS\system32\sechost.dll
0x00007ffb70160000 - 0x00007ffb7027c000 	C:\WINDOWS\system32\RPCRT4.dll
0x00007ffb70330000 - 0x00007ffb70486000 	C:\WINDOWS\system32\USER32.dll
0x00007ffb72290000 - 0x00007ffb72416000 	C:\WINDOWS\system32\GDI32.dll
0x00007ffb681e0000 - 0x00007ffb68454000 	C:\WINDOWS\WinSxS\amd64_microsoft.windows.common-controls_6595b64144ccf1df_6.0.10586.0_none_8c15ae12515e1c22\COMCTL32.dll
0x00007ffb6fd50000 - 0x00007ffb6ffcd000 	C:\WINDOWS\system32\combase.dll
0x00007ffb6f330000 - 0x00007ffb6f39a000 	C:\WINDOWS\system32\bcryptPrimitives.dll
0x00007ffb70ba0000 - 0x00007ffb70bdb000 	C:\WINDOWS\system32\IMM32.DLL
0x0000000061840000 - 0x0000000061912000 	C:\Program Files\Java\jre1.8.0_60\bin\msvcr100.dll
0x0000000061920000 - 0x00000000621a9000 	C:\Program Files\Java\jre1.8.0_60\bin\server\jvm.dll
0x00007ffb70970000 - 0x00007ffb70978000 	C:\WINDOWS\system32\PSAPI.DLL
0x00007ffb6baf0000 - 0x00007ffb6baf9000 	C:\WINDOWS\SYSTEM32\WSOCK32.dll
0x00007ffb70b30000 - 0x00007ffb70b9b000 	C:\WINDOWS\system32\WS2_32.dll
0x00007ffb6c4a0000 - 0x00007ffb6c4c3000 	C:\WINDOWS\SYSTEM32\WINMM.dll
0x00007ffb6d5a0000 - 0x00007ffb6d5aa000 	C:\WINDOWS\SYSTEM32\VERSION.dll
0x00007ffb6c440000 - 0x00007ffb6c46c000 	C:\WINDOWS\SYSTEM32\WINMMBASE.dll
0x00007ffb6efa0000 - 0x00007ffb6efe3000 	C:\WINDOWS\system32\cfgmgr32.dll
0x00000000627a0000 - 0x00000000627af000 	C:\Program Files\Java\jre1.8.0_60\bin\verify.dll
0x0000000062770000 - 0x0000000062799000 	C:\Program Files\Java\jre1.8.0_60\bin\java.dll
0x0000000061800000 - 0x0000000061835000 	C:\Program Files\Java\jre1.8.0_60\bin\jdwp.dll
0x00000000626d0000 - 0x00000000626d8000 	C:\Program Files\Java\jre1.8.0_60\bin\npt.dll
0x0000000062750000 - 0x0000000062766000 	C:\Program Files\Java\jre1.8.0_60\bin\zip.dll
0x00007ffb70d30000 - 0x00007ffb7228c000 	C:\WINDOWS\system32\SHELL32.dll
0x00007ffb6f450000 - 0x00007ffb6fa95000 	C:\WINDOWS\system32\windows.storage.dll
0x00007ffb72630000 - 0x00007ffb72682000 	C:\WINDOWS\system32\shlwapi.dll
0x00007ffb6ef90000 - 0x00007ffb6ef9f000 	C:\WINDOWS\system32\kernel.appcore.dll
0x00007ffb6f080000 - 0x00007ffb6f135000 	C:\WINDOWS\system32\shcore.dll
0x00007ffb6ef30000 - 0x00007ffb6ef7b000 	C:\WINDOWS\system32\powrprof.dll
0x00007ffb6ef10000 - 0x00007ffb6ef24000 	C:\WINDOWS\system32\profapi.dll
0x00000000626c0000 - 0x00000000626c9000 	C:\Program Files\Java\jre1.8.0_60\bin\dt_socket.dll
0x00007ffb60250000 - 0x00007ffb60266000 	C:\WINDOWS\system32\napinsp.dll
0x00007ffb60230000 - 0x00007ffb6024a000 	C:\WINDOWS\system32\pnrpnsp.dll
0x00007ffb6c000000 - 0x00007ffb6c018000 	C:\WINDOWS\system32\NLAapi.dll
0x00007ffb6e4d0000 - 0x00007ffb6e52c000 	C:\WINDOWS\System32\mswsock.dll
0x00007ffb6cf50000 - 0x00007ffb6cffa000 	C:\WINDOWS\SYSTEM32\DNSAPI.dll
0x00007ffb70960000 - 0x00007ffb70968000 	C:\WINDOWS\system32\NSI.dll
0x00007ffb60c90000 - 0x00007ffb60c9d000 	C:\WINDOWS\System32\winrnr.dll
0x00007ffb60210000 - 0x00007ffb60225000 	C:\WINDOWS\System32\wshbth.dll
0x00007ffb657f0000 - 0x00007ffb65857000 	C:\WINDOWS\System32\fwpuclnt.dll
0x00007ffb6ee40000 - 0x00007ffb6ee69000 	C:\WINDOWS\SYSTEM32\bcrypt.dll
0x00007ffb6ea70000 - 0x00007ffb6ea7a000 	C:\Windows\System32\rasadhlp.dll
0x00007ffb61d20000 - 0x00007ffb61eac000 	C:\WINDOWS\SYSTEM32\dbghelp.dll

VM Arguments:
jvm_args: -agentlib:jdwp=transport=dt_socket,suspend=y,address=localhost:65439 -Dfile.encoding=Cp1250 
java_command: SimPa
java_class_path (initial): H:\FER\4.semestar\UTR\LV\LV3\LV3\bin
Launcher Type: SUN_STANDARD

Environment Variables:
PATH=C:/Program Files/Java/jre1.8.0_60/bin/server;C:/Program Files/Java/jre1.8.0_60/bin;C:/Program Files/Java/jre1.8.0_60/lib/amd64;C:\ProgramData\Oracle\Java\javapath;C:\Program Files (x86)\NVIDIA Corporation\PhysX\Common;C:\Program Files\Broadcom\Broadcom 802.11 Network Adapter\Driver;;C:\Program Files (x86)\Intel\iCLS Client\;C:\Program Files\Intel\iCLS Client\;C:\WINDOWS\system32;C:\WINDOWS;C:\WINDOWS\System32\Wbem;C:\WINDOWS\System32\WindowsPowerShell\v1.0\;C:\Program Files\Intel\Intel(R) Management Engine Components\DAL;C:\Program Files\Intel\Intel(R) Management Engine Components\IPT;C:\Program Files (x86)\Intel\Intel(R) Management Engine Components\DAL;C:\Program Files (x86)\Intel\Intel(R) Management Engine Components\IPT;C:\Program Files (x86)\Intel\OpenCL SDK\2.0\bin\x86;C:\Program Files (x86)\Intel\OpenCL SDK\2.0\bin\x64;C:\Program Files\Lenovo\Bluetooth Software\;C:\Program Files\Lenovo\Bluetooth Software\syswow64;C:\Program Files\Microsoft SQL Server\110\Tools\Binn\;c:\Program Files (x86)\Microsoft SQL Server\100\Tools\Binn\;c:\Program Files\Microsoft SQL Server\100\Tools\Binn\;c:\Program Files\Microsoft SQL Server\100\DTS\Binn\;C:\FER\MinGW\bin\;C:\Program Files\Microsoft\Web Platform Installer\;C:\Program Files (x86)\Microsoft ASP.NET\ASP.NET Web Pages\v1.0\;C:\Program Files (x86)\Windows Kits\8.0\Windows Performance Toolkit\;C:\Program Files (x86)\Skype\Phone\;C:\WINDOWS\system32\config\systemprofile\.dnx\bin;C:\Program Files\Microsoft DNX\Dnvm\;C:\Eclipse\eclipse;
USERNAME=Matej
OS=Windows_NT
PROCESSOR_IDENTIFIER=Intel64 Family 6 Model 58 Stepping 9, GenuineIntel



---------------  S Y S T E M  ---------------

OS: Windows 10.0 , 64 bit Build 10586 (10.0.10586.0)

CPU:total 4 (2 cores per cpu, 2 threads per core) family 6 model 58 stepping 9, cmov, cx8, fxsr, mmx, sse, sse2, sse3, ssse3, sse4.1, sse4.2, popcnt, avx, clmul, erms, ht, tsc, tscinvbit, tscinv

Memory: 4k page, physical 4051876k(1153576k free), swap 5418764k(1357804k free)

vm_info: Java HotSpot(TM) 64-Bit Server VM (25.60-b23) for windows-amd64 JRE (1.8.0_60-b27), built on Aug  4 2015 11:06:27 by "java_re" with MS VC++ 10.0 (VS2010)

time: Mon May 09 14:09:43 2016
elapsed time: 846 seconds (0d 0h 14m 6s)

